<?xml version="1.0" encoding="utf-8"?><testsuites name="pytest tests"><testsuite name="pytest" errors="0" failures="0" skipped="0" tests="11" time="4.097" timestamp="2026-05-13T14:36:40.571172+00:00" hostname="agent-env-723473f8-c329-44c6-afc3-bdf5e3aebcab"><testcase classname="backend.tests.test_admin_features" name="test_admin_register_doctor" time="0.427" /><testcase classname="backend.tests.test_admin_features" name="test_admin_register_patient" time="0.124" /><testcase classname="backend.tests.test_admin_features" name="test_admin_register_non_admin_forbidden" time="0.128" /><testcase classname="backend.tests.test_admin_features" name="test_admin_register_invalid_signature" time="0.174" /><testcase classname="backend.tests.test_admin_features" name="test_admin_register_bad_role" time="0.133" /><testcase classname="backend.tests.test_admin_features" name="test_admin_register_bad_wallet" time="0.127" /><testcase classname="backend.tests.test_admin_features" name="test_users_list_excludes_mongo_id" time="0.128" /><testcase classname="backend.tests.test_admin_features" name="test_ipfs_upload_returns_cid" time="1.550" /><testcase classname="backend.tests.test_admin_features" name="test_admin_uploaded_record_enqueues_to_lpa" time="0.497" /><testcase classname="backend.tests.test_admin_features" name="test_admin_upload_to_unregistered_patient_400" time="0.154" /><testcase classname="backend.tests.test_admin_features" name="test_lpa_anchor_by_admin_works" time="0.175" /></testsuite></testsuites>