<?xml version="1.0" encoding="utf-8"?><testsuites name="pytest tests"><testsuite name="pytest" errors="0" failures="0" skipped="0" tests="10" time="4.103" timestamp="2026-05-13T11:27:30.014691+00:00" hostname="agent-env-723473f8-c329-44c6-afc3-bdf5e3aebcab"><testcase classname="backend.tests.test_certificate" name="test_certificate_generate_pending_record_returns_400" time="2.195" /><testcase classname="backend.tests.test_certificate" name="test_certificate_generate_patient_success" time="0.413" /><testcase classname="backend.tests.test_certificate" name="test_certificate_generate_invalid_signature" time="0.139" /><testcase classname="backend.tests.test_certificate" name="test_certificate_generate_forbidden_non_owner" time="0.105" /><testcase classname="backend.tests.test_certificate" name="test_certificate_generate_admin_path" time="0.169" /><testcase classname="backend.tests.test_certificate" name="test_certificate_generate_redactions" time="0.153" /><testcase classname="backend.tests.test_certificate" name="test_certificate_verify_valid" time="0.109" /><testcase classname="backend.tests.test_certificate" name="test_certificate_verify_tampered_root" time="0.114" /><testcase classname="backend.tests.test_certificate" name="test_certificate_verify_tampered_leaf_hash" time="0.116" /><testcase classname="backend.tests.test_certificate" name="test_certificate_verify_unknown_anchor" time="0.113" /></testsuite></testsuites>