<?xml version="1.0" encoding="utf-8"?><testsuites name="pytest tests"><testsuite name="pytest" errors="0" failures="3" skipped="0" tests="21" time="13.775" timestamp="2026-06-05T06:28:00.078533+00:00" hostname="agent-env-723473f8-c329-44c6-afc3-bdf5e3aebcab"><testcase classname="test_credentials_auth.TestCredentialsCheck" name="test_check_username_available" time="0.231" /><testcase classname="test_credentials_auth.TestCredentialsCheck" name="test_check_admin_taken" time="0.107" /><testcase classname="test_credentials_auth.TestAdminCredentialsLogin" name="test_admin_login_success" time="0.168" /><testcase classname="test_credentials_auth.TestAdminCredentialsLogin" name="test_admin_login_wrong_password_401" time="0.159" /><testcase classname="test_credentials_auth.TestAdminCredentialsLogin" name="test_admin_login_unknown_user_401" time="0.102" /><testcase classname="test_credentials_auth.TestCredentialsRegister" name="test_register_then_login_roundtrip" time="0.349" /><testcase classname="test_credentials_auth.TestCredentialsRegister" name="test_register_duplicate_username_409" time="0.286" /><testcase classname="test_credentials_auth.TestCredentialsRegister" name="test_register_short_password_400" time="0.109" /><testcase classname="test_credentials_auth.TestCredentialsRegister" name="test_register_pk_mismatch_400_bad_wallet" time="0.119" /><testcase classname="test_credentials_auth.TestCredentialsRegister" name="test_register_invalid_signature_unauthorized" time="0.127" /><testcase classname="test_credentials_auth.TestCredentialsExportKey" name="test_export_key_success" time="0.325" /><testcase classname="test_credentials_auth.TestCredentialsExportKey" name="test_export_key_wrong_password_unauthorized_401" time="0.358" /><testcase classname="test_credentials_auth.TestSeedDemoScenario" name="test_seed_returns_2_doctors_with_credentials" time="9.397" /><testcase classname="test_credentials_auth.TestSeedDemoScenario" name="test_seed_returns_3_patients_with_credentials" time="0.000" /><testcase classname="test_credentials_auth.TestSeedDemoScenario" name="test_seed_returns_5_records_with_label_and_category" time="0.000" /><testcase classname="test_credentials_auth.TestSeedDemoScenario" name="test_doctor1_can_login_with_seeded_credentials" time="0.186" /><testcase classname="test_credentials_auth.TestSeedDemoScenario" name="test_doctor2_specialty_is_radiology" time="0.165" /><testcase classname="test_credentials_auth.TestSeedDemoScenario" name="test_all_3_patients_can_login" time="0.490" /><testcase classname="test_credentials_auth.TestRecordLabelCategoryEnforcement" name="test_record_invalid_label_400" time="0.347"><failure message="assert 422 == 400&#10; +  where 422 = &lt;Response [422]&gt;.status_code">test_credentials_auth.py:293: in test_record_invalid_label_400
    assert r.status_code == 400
E   assert 422 == 400
E    +  where 422 = &lt;Response [422]&gt;.status_code</failure></testcase><testcase classname="test_credentials_auth.TestRecordLabelCategoryEnforcement" name="test_record_invalid_category_400" time="0.343"><failure message="assert 422 == 400&#10; +  where 422 = &lt;Response [422]&gt;.status_code">test_credentials_auth.py:300: in test_record_invalid_category_400
    assert r.status_code == 400
E   assert 422 == 400
E    +  where 422 = &lt;Response [422]&gt;.status_code</failure></testcase><testcase classname="test_credentials_auth.TestRecordLabelCategoryEnforcement" name="test_record_valid_label_and_category_200" time="0.319"><failure message="AssertionError: {&quot;detail&quot;:[{&quot;type&quot;:&quot;missing&quot;,&quot;loc&quot;:[&quot;body&quot;,&quot;file_name&quot;],&quot;msg&quot;:&quot;Field required&quot;,&quot;input&quot;:{&quot;uploader_address&quot;:&quot;0xE67248a4266cDD9F85c3651980bC2F22067fc0d9&quot;,&quot;uploader_signature&quot;:&quot;0x107649ddec1e509a0fb97ee494babe76bbd07d05571cd34ba2cc9ab7413967690775b7bcca4b5999407da47c82ff5b698685956b64761417210724d5127f712b1b&quot;,&quot;uploader_message&quot;:&quot;upload-record&quot;,&quot;patient_address&quot;:&quot;0x32f7b8CF521476974908189B08782A16e2aFab6a&quot;,&quot;cid&quot;:&quot;Qm509590adddc54014afeaa7bea8a2c896&quot;,&quot;wrapped_keys&quot;:{&quot;0x32f7b8cf521476974908189b08782a16e2afab6a&quot;:&quot;dummy-wrapped&quot;},&quot;diagnosis&quot;:&quot;Test diag&quot;,&quot;notes&quot;:&quot;n/a&quot;,&quot;label&quot;:&quot;Patient Only&quot;,&quot;category&quot;:&quot;Cardiology&quot;},&quot;url&quot;:&quot;https://errors.pydantic.dev/2.13/v/missing&quot;},{&quot;type&quot;:&quot;missing&quot;,&quot;loc&quot;:[&quot;body&quot;,&quot;file_size&quot;],&quot;msg&quot;:&quot;Field required&quot;,&quot;input&quot;:{&quot;uploader_address&quot;:&quot;0xE67248a4266cDD9F85c3651980bC2F22067fc0d9&quot;,&quot;uploader_signature&quot;:&quot;0x107649ddec1e509a0fb97ee494babe76bbd07d05571cd34ba2cc9ab7413967690775b7bcca4b5999407da47c82ff5b698685956b64761417210724d5127f712b1b&quot;,&quot;uploader_message&quot;:&quot;upload-record&quot;,&quot;patient_address&quot;:&quot;0x32f7b8CF521476974908189B08782A16e2aFab6a&quot;,&quot;cid&quot;:&quot;Qm509590adddc54014afeaa7bea8a2c896&quot;,&quot;wrapped_keys&quot;:{&quot;0x32f7b8cf521476974908189b08782a16e2afab6a&quot;:&quot;dummy-wrapped&quot;},&quot;diagnosis&quot;:&quot;Test diag&quot;,&quot;notes&quot;:&quot;n/a&quot;,&quot;label&quot;:&quot;Patient Only&quot;,&quot;category&quot;:&quot;Cardiology&quot;},&quot;url&quot;:&quot;https://errors.pydantic.dev/2.13/v/missing&quot;},{&quot;type&quot;:&quot;missing&quot;,&quot;loc&quot;:[&quot;body&quot;,&quot;encrypted_key_b64&quot;],&quot;msg&quot;:&quot;Field required&quot;,&quot;input&quot;:{&quot;uploader_address&quot;:&quot;0xE67248a4266cDD9F85c3651980bC2F22067fc0d9&quot;,&quot;uploader_signature&quot;:&quot;0x107649ddec1e509a0fb97ee494babe76bbd07d05571cd34ba2cc9ab7413967690775b7bcca4b5999407da47c82ff5b698685956b64761417210724d5127f712b1b&quot;,&quot;uploader_message&quot;:&quot;upload-record&quot;,&quot;patient_address&quot;:&quot;0x32f7b8CF521476974908189B08782A16e2aFab6a&quot;,&quot;cid&quot;:&quot;Qm509590adddc54014afeaa7bea8a2c896&quot;,&quot;wrapped_keys&quot;:{&quot;0x32f7b8cf521476974908189b08782a16e2afab6a&quot;:&quot;dummy-wrapped&quot;},&quot;diagnosis&quot;:&quot;Test diag&quot;,&quot;notes&quot;:&quot;n/a&quot;,&quot;label&quot;:&quot;Patient Only&quot;,&quot;category&quot;:&quot;Cardiology&quot;},&quot;url&quot;:&quot;https://errors.pydantic.dev/2.13/v/missing&quot;},{&quot;type&quot;:&quot;missing&quot;,&quot;loc&quot;:[&quot;body&quot;,&quot;policy&quot;],&quot;msg&quot;:&quot;Field required&quot;,&quot;input&quot;:{&quot;uploader_address&quot;:&quot;0xE67248a4266cDD9F85c3651980bC2F22067fc0d9&quot;,&quot;uploader_signature&quot;:&quot;0x107649ddec1e509a0fb97ee494babe76bbd07d05571cd34ba2cc9ab7413967690775b7bcca4b5999407da47c82ff5b698685956b64761417210724d5127f712b1b&quot;,&quot;uploader_message&quot;:&quot;upload-record&quot;,&quot;patient_address&quot;:&quot;0x32f7b8CF521476974908189B08782A16e2aFab6a&quot;,&quot;cid&quot;:&quot;Qm509590adddc54014afeaa7bea8a2c896&quot;,&quot;wrapped_keys&quot;:{&quot;0x32f7b8cf521476974908189b08782a16e2afab6a&quot;:&quot;dummy-wrapped&quot;},&quot;diagnosis&quot;:&quot;Test diag&quot;,&quot;notes&quot;:&quot;n/a&quot;,&quot;label&quot;:&quot;Patient Only&quot;,&quot;category&quot;:&quot;Cardiology&quot;},&quot;url&quot;:&quot;https://errors.pydantic.dev/2.13/v/missing&quot;}]}&#10;assert 422 == 200&#10; +  where 422 = &lt;Response [422]&gt;.status_code">test_credentials_auth.py:306: in test_record_valid_label_and_category_200
    assert r.status_code == 200, r.text
E   AssertionError: {"detail":[{"type":"missing","loc":["body","file_name"],"msg":"Field required","input":{"uploader_address":"0xE67248a4266cDD9F85c3651980bC2F22067fc0d9","uploader_signature":"0x107649ddec1e509a0fb97ee494babe76bbd07d05571cd34ba2cc9ab7413967690775b7bcca4b5999407da47c82ff5b698685956b64761417210724d5127f712b1b","uploader_message":"upload-record","patient_address":"0x32f7b8CF521476974908189B08782A16e2aFab6a","cid":"Qm509590adddc54014afeaa7bea8a2c896","wrapped_keys":{"0x32f7b8cf521476974908189b08782a16e2afab6a":"dummy-wrapped"},"diagnosis":"Test diag","notes":"n/a","label":"Patient Only","category":"Cardiology"},"url":"https://errors.pydantic.dev/2.13/v/missing"},{"type":"missing","loc":["body","file_size"],"msg":"Field required","input":{"uploader_address":"0xE67248a4266cDD9F85c3651980bC2F22067fc0d9","uploader_signature":"0x107649ddec1e509a0fb97ee494babe76bbd07d05571cd34ba2cc9ab7413967690775b7bcca4b5999407da47c82ff5b698685956b64761417210724d5127f712b1b","uploader_message":"upload-record","patient_address":"0x32f7b8CF521476974908189B08782A16e2aFab6a","cid":"Qm509590adddc54014afeaa7bea8a2c896","wrapped_keys":{"0x32f7b8cf521476974908189b08782a16e2afab6a":"dummy-wrapped"},"diagnosis":"Test diag","notes":"n/a","label":"Patient Only","category":"Cardiology"},"url":"https://errors.pydantic.dev/2.13/v/missing"},{"type":"missing","loc":["body","encrypted_key_b64"],"msg":"Field required","input":{"uploader_address":"0xE67248a4266cDD9F85c3651980bC2F22067fc0d9","uploader_signature":"0x107649ddec1e509a0fb97ee494babe76bbd07d05571cd34ba2cc9ab7413967690775b7bcca4b5999407da47c82ff5b698685956b64761417210724d5127f712b1b","uploader_message":"upload-record","patient_address":"0x32f7b8CF521476974908189B08782A16e2aFab6a","cid":"Qm509590adddc54014afeaa7bea8a2c896","wrapped_keys":{"0x32f7b8cf521476974908189b08782a16e2afab6a":"dummy-wrapped"},"diagnosis":"Test diag","notes":"n/a","label":"Patient Only","category":"Cardiology"},"url":"https://errors.pydantic.dev/2.13/v/missing"},{"type":"missing","loc":["body","policy"],"msg":"Field required","input":{"uploader_address":"0xE67248a4266cDD9F85c3651980bC2F22067fc0d9","uploader_signature":"0x107649ddec1e509a0fb97ee494babe76bbd07d05571cd34ba2cc9ab7413967690775b7bcca4b5999407da47c82ff5b698685956b64761417210724d5127f712b1b","uploader_message":"upload-record","patient_address":"0x32f7b8CF521476974908189B08782A16e2aFab6a","cid":"Qm509590adddc54014afeaa7bea8a2c896","wrapped_keys":{"0x32f7b8cf521476974908189b08782a16e2afab6a":"dummy-wrapped"},"diagnosis":"Test diag","notes":"n/a","label":"Patient Only","category":"Cardiology"},"url":"https://errors.pydantic.dev/2.13/v/missing"}]}
E   assert 422 == 200
E    +  where 422 = &lt;Response [422]&gt;.status_code</failure></testcase></testsuite></testsuites>