<?xml version="1.0" encoding="utf-8"?><testsuites name="pytest tests"><testsuite name="pytest" errors="0" failures="0" skipped="0" tests="56" time="14.449" timestamp="2026-05-13T14:36:50.913656+00:00" hostname="agent-env-723473f8-c329-44c6-afc3-bdf5e3aebcab"><testcase classname="backend.tests.test_admin_features" name="test_admin_register_doctor" time="0.333" /><testcase classname="backend.tests.test_admin_features" name="test_admin_register_patient" time="0.117" /><testcase classname="backend.tests.test_admin_features" name="test_admin_register_non_admin_forbidden" time="0.126" /><testcase classname="backend.tests.test_admin_features" name="test_admin_register_invalid_signature" time="0.123" /><testcase classname="backend.tests.test_admin_features" name="test_admin_register_bad_role" time="0.125" /><testcase classname="backend.tests.test_admin_features" name="test_admin_register_bad_wallet" time="0.120" /><testcase classname="backend.tests.test_admin_features" name="test_users_list_excludes_mongo_id" time="0.123" /><testcase classname="backend.tests.test_admin_features" name="test_ipfs_upload_returns_cid" time="0.745" /><testcase classname="backend.tests.test_admin_features" name="test_admin_uploaded_record_enqueues_to_lpa" time="0.492" /><testcase classname="backend.tests.test_admin_features" name="test_admin_upload_to_unregistered_patient_400" time="0.119" /><testcase classname="backend.tests.test_admin_features" name="test_lpa_anchor_by_admin_works" time="0.136" /><testcase classname="backend.tests.test_certificate" name="test_certificate_generate_pending_record_returns_400" time="1.475" /><testcase classname="backend.tests.test_certificate" name="test_certificate_generate_patient_success" time="0.376" /><testcase classname="backend.tests.test_certificate" name="test_certificate_generate_invalid_signature" time="0.132" /><testcase classname="backend.tests.test_certificate" name="test_certificate_generate_forbidden_non_owner" time="0.181" /><testcase classname="backend.tests.test_certificate" name="test_certificate_generate_admin_path" time="0.119" /><testcase classname="backend.tests.test_certificate" name="test_certificate_generate_redactions" time="0.164" /><testcase classname="backend.tests.test_certificate" name="test_certificate_verify_valid" time="0.146" /><testcase classname="backend.tests.test_certificate" name="test_certificate_verify_tampered_root" time="0.098" /><testcase classname="backend.tests.test_certificate" name="test_certificate_verify_tampered_leaf_hash" time="0.112" /><testcase classname="backend.tests.test_certificate" name="test_certificate_verify_unknown_anchor" time="0.103" /><testcase classname="backend.tests.test_genc_backend" name="test_root" time="0.104" /><testcase classname="backend.tests.test_genc_backend" name="test_admin_info" time="0.148" /><testcase classname="backend.tests.test_genc_backend" name="test_auth_verify_admin" time="0.145" /><testcase classname="backend.tests.test_genc_backend" name="test_auth_verify_unregistered" time="0.127" /><testcase classname="backend.tests.test_genc_backend" name="test_auth_verify_invalid_signature" time="0.125" /><testcase classname="backend.tests.test_genc_backend" name="test_google_session_invalid_id" time="0.252" /><testcase classname="backend.tests.test_genc_backend" name="test_auth_me_requires_cookie" time="0.135" /><testcase classname="backend.tests.test_genc_backend" name="test_auth_logout_ok_without_cookie" time="0.115" /><testcase classname="backend.tests.test_genc_backend" name="test_register_requires_auth" time="0.119" /><testcase classname="backend.tests.test_genc_backend" name="test_register_signature_mismatch_rejected" time="0.108" /><testcase classname="backend.tests.test_genc_backend" name="test_register_bad_role_rejected" time="0.110" /><testcase classname="backend.tests.test_genc_backend" name="test_register_self_doctor_and_patient" time="0.781" /><testcase classname="backend.tests.test_genc_backend" name="test_register_idempotent_update" time="0.302" /><testcase classname="backend.tests.test_genc_backend" name="test_ipfs_upload" time="0.810" /><testcase classname="backend.tests.test_genc_backend" name="test_records_for_patient" time="0.656" /><testcase classname="backend.tests.test_genc_backend" name="test_records_for_doctor" time="0.119" /><testcase classname="backend.tests.test_genc_backend" name="test_records_upload_blocked_for_non_doctor" time="0.138" /><testcase classname="backend.tests.test_genc_backend" name="test_decrypt_key_owner_allowed" time="0.128" /><testcase classname="backend.tests.test_genc_backend" name="test_decrypt_key_unauthorized_doctor" time="0.121" /><testcase classname="backend.tests.test_genc_backend" name="test_decrypt_policy_cardiology_doctor" time="0.142" /><testcase classname="backend.tests.test_genc_backend" name="test_access_request_and_grant_flow" time="0.600" /><testcase classname="backend.tests.test_genc_backend" name="test_lpa_pending_enriched" time="0.124" /><testcase classname="backend.tests.test_genc_backend" name="test_lpa_preview" time="0.112" /><testcase classname="backend.tests.test_genc_backend" name="test_lpa_anchor_rejects_non_admin" time="0.154" /><testcase classname="backend.tests.test_genc_backend" name="test_lpa_anchor_and_stats" time="0.505" /><testcase classname="backend.tests.test_genc_backend" name="test_register_doctor_with_hospital_roundtrip" time="0.370" /><testcase classname="backend.tests.test_genc_backend" name="test_upload_request_create_success" time="0.121" /><testcase classname="backend.tests.test_genc_backend" name="test_upload_request_invalid_signature" time="0.117" /><testcase classname="backend.tests.test_genc_backend" name="test_upload_request_non_patient_actor_403" time="0.130" /><testcase classname="backend.tests.test_genc_backend" name="test_upload_request_target_not_doctor_400" time="0.129" /><testcase classname="backend.tests.test_genc_backend" name="test_upload_request_get_for_doctor" time="0.251" /><testcase classname="backend.tests.test_genc_backend" name="test_upload_request_get_for_patient" time="0.113" /><testcase classname="backend.tests.test_genc_backend" name="test_records_with_upload_request_id_marks_fulfilled" time="0.371" /><testcase classname="backend.tests.test_genc_backend" name="test_upload_request_decline_by_assigned_doctor" time="0.457" /><testcase classname="backend.tests.test_genc_backend" name="test_upload_request_decline_invalid_signature" time="0.247" /></testsuite></testsuites>