<?xml version="1.0" encoding="utf-8"?><testsuites name="pytest tests"><testsuite name="pytest" errors="0" failures="0" skipped="0" tests="91" time="81.674" timestamp="2026-06-05T06:28:45.171485+00:00" hostname="agent-env-723473f8-c329-44c6-afc3-bdf5e3aebcab"><testcase classname="test_admin_features" name="test_admin_register_doctor" time="0.482" /><testcase classname="test_admin_features" name="test_admin_register_patient" time="0.111" /><testcase classname="test_admin_features" name="test_admin_register_non_admin_forbidden" time="0.112" /><testcase classname="test_admin_features" name="test_admin_register_invalid_signature" time="0.112" /><testcase classname="test_admin_features" name="test_admin_register_bad_role" time="0.110" /><testcase classname="test_admin_features" name="test_admin_register_bad_wallet" time="0.129" /><testcase classname="test_admin_features" name="test_users_list_excludes_mongo_id" time="0.150" /><testcase classname="test_admin_features" name="test_ipfs_upload_returns_cid" time="2.812" /><testcase classname="test_admin_features" name="test_admin_uploaded_record_enqueues_to_lpa" time="0.427" /><testcase classname="test_admin_features" name="test_admin_upload_to_unregistered_patient_400" time="0.125" /><testcase classname="test_admin_features" name="test_lpa_anchor_by_admin_works" time="0.106" /><testcase classname="test_certificate" name="test_certificate_generate_pending_record_returns_400" time="2.863" /><testcase classname="test_certificate" name="test_certificate_generate_patient_success" time="0.307" /><testcase classname="test_certificate" name="test_certificate_generate_invalid_signature" time="0.110" /><testcase classname="test_certificate" name="test_certificate_generate_forbidden_non_owner" time="0.117" /><testcase classname="test_certificate" name="test_certificate_generate_admin_path" time="0.112" /><testcase classname="test_certificate" name="test_certificate_generate_redactions" time="0.107" /><testcase classname="test_certificate" name="test_certificate_verify_valid" time="0.093" /><testcase classname="test_certificate" name="test_certificate_verify_tampered_root" time="0.107" /><testcase classname="test_certificate" name="test_certificate_verify_tampered_leaf_hash" time="0.120" /><testcase classname="test_certificate" name="test_certificate_verify_unknown_anchor" time="0.100" /><testcase classname="test_credentials_auth.TestCredentialsCheck" name="test_check_username_available" time="0.108" /><testcase classname="test_credentials_auth.TestCredentialsCheck" name="test_check_admin_taken" time="0.106" /><testcase classname="test_credentials_auth.TestAdminCredentialsLogin" name="test_admin_login_success" time="0.160" /><testcase classname="test_credentials_auth.TestAdminCredentialsLogin" name="test_admin_login_wrong_password_401" time="0.157" /><testcase classname="test_credentials_auth.TestAdminCredentialsLogin" name="test_admin_login_unknown_user_401" time="0.100" /><testcase classname="test_credentials_auth.TestCredentialsRegister" name="test_register_then_login_roundtrip" time="0.327" /><testcase classname="test_credentials_auth.TestCredentialsRegister" name="test_register_duplicate_username_409" time="0.275" /><testcase classname="test_credentials_auth.TestCredentialsRegister" name="test_register_short_password_400" time="0.100" /><testcase classname="test_credentials_auth.TestCredentialsRegister" name="test_register_pk_mismatch_400_bad_wallet" time="0.139" /><testcase classname="test_credentials_auth.TestCredentialsRegister" name="test_register_invalid_signature_unauthorized" time="0.114" /><testcase classname="test_credentials_auth.TestCredentialsExportKey" name="test_export_key_success" time="0.330" /><testcase classname="test_credentials_auth.TestCredentialsExportKey" name="test_export_key_wrong_password_unauthorized_401" time="0.341" /><testcase classname="test_credentials_auth.TestSeedDemoScenario" name="test_seed_returns_2_doctors_with_credentials" time="10.896" /><testcase classname="test_credentials_auth.TestSeedDemoScenario" name="test_seed_returns_3_patients_with_credentials" time="0.000" /><testcase classname="test_credentials_auth.TestSeedDemoScenario" name="test_seed_returns_5_records_with_label_and_category" time="0.000" /><testcase classname="test_credentials_auth.TestSeedDemoScenario" name="test_doctor1_can_login_with_seeded_credentials" time="15.230" /><testcase classname="test_credentials_auth.TestSeedDemoScenario" name="test_doctor2_specialty_is_radiology" time="15.194" /><testcase classname="test_credentials_auth.TestSeedDemoScenario" name="test_all_3_patients_can_login" time="0.527" /><testcase classname="test_credentials_auth.TestRecordLabelCategoryEnforcement" name="test_record_invalid_label_400" time="0.328" /><testcase classname="test_credentials_auth.TestRecordLabelCategoryEnforcement" name="test_record_invalid_category_400" time="0.420" /><testcase classname="test_credentials_auth.TestRecordLabelCategoryEnforcement" name="test_record_valid_label_and_category_200" time="0.350" /><testcase classname="test_genc_backend" name="test_root" time="0.423" /><testcase classname="test_genc_backend" name="test_admin_info" time="0.100" /><testcase classname="test_genc_backend" name="test_auth_verify_admin" time="0.108" /><testcase classname="test_genc_backend" name="test_auth_verify_unregistered" time="0.114" /><testcase classname="test_genc_backend" name="test_auth_verify_invalid_signature" time="0.099" /><testcase classname="test_genc_backend" name="test_google_session_invalid_id" time="0.194" /><testcase classname="test_genc_backend" name="test_auth_me_requires_cookie" time="0.111" /><testcase classname="test_genc_backend" name="test_auth_logout_ok_without_cookie" time="0.095" /><testcase classname="test_genc_backend" name="test_register_requires_auth" time="0.092" /><testcase classname="test_genc_backend" name="test_register_signature_mismatch_rejected" time="0.108" /><testcase classname="test_genc_backend" name="test_register_bad_role_rejected" time="0.116" /><testcase classname="test_genc_backend" name="test_register_self_doctor_and_patient" time="0.643" /><testcase classname="test_genc_backend" name="test_register_idempotent_update" time="0.228" /><testcase classname="test_genc_backend" name="test_ipfs_upload" time="2.107" /><testcase classname="test_genc_backend" name="test_records_for_patient" time="0.588" /><testcase classname="test_genc_backend" name="test_records_for_doctor" time="0.106" /><testcase classname="test_genc_backend" name="test_records_upload_blocked_for_non_doctor" time="0.103" /><testcase classname="test_genc_backend" name="test_decrypt_key_owner_allowed" time="0.113" /><testcase classname="test_genc_backend" name="test_decrypt_key_unauthorized_doctor" time="0.106" /><testcase classname="test_genc_backend" name="test_decrypt_policy_cardiology_doctor" time="0.112" /><testcase classname="test_genc_backend" name="test_access_request_and_grant_flow" time="0.654" /><testcase classname="test_genc_backend" name="test_access_revoke_flow" time="0.577" /><testcase classname="test_genc_backend" name="test_revoked_doctor_rejected_for_decrypt" time="8.329" /><testcase classname="test_genc_backend" name="test_access_revoke_bad_signature_rejected" time="0.126" /><testcase classname="test_genc_backend" name="test_access_revoke_unknown_grant_rejected" time="0.108" /><testcase classname="test_genc_backend" name="test_lpa_pending_enriched" time="0.104" /><testcase classname="test_genc_backend" name="test_lpa_preview" time="0.110" /><testcase classname="test_genc_backend" name="test_lpa_anchor_rejects_non_admin" time="0.106" /><testcase classname="test_genc_backend" name="test_lpa_anchor_and_stats" time="0.439" /><testcase classname="test_genc_backend" name="test_register_doctor_with_hospital_roundtrip" time="7.560" /><testcase classname="test_genc_backend" name="test_admin_records_list" time="0.130" /><testcase classname="test_genc_backend" name="test_admin_delete_record_non_admin_rejected" time="0.129" /><testcase classname="test_genc_backend" name="test_admin_delete_record_flow" time="0.761" /><testcase classname="test_genc_backend" name="test_admin_delete_unknown_record_404" time="0.100" /><testcase classname="test_genc_backend" name="test_audit_log_summary_endpoint" time="0.108" /><testcase classname="test_genc_backend" name="test_audit_log_admin_fetch_flow" time="0.164" /><testcase classname="test_genc_backend" name="test_audit_log_admin_filter_by_event" time="0.113" /><testcase classname="test_genc_backend" name="test_audit_log_admin_filter_by_address" time="0.118" /><testcase classname="test_genc_backend" name="test_audit_log_non_admin_rejected" time="0.127" /><testcase classname="test_genc_backend" name="test_audit_log_patient_view" time="0.109" /><testcase classname="test_genc_backend" name="test_upload_request_create_success" time="0.116" /><testcase classname="test_genc_backend" name="test_upload_request_invalid_signature" time="0.107" /><testcase classname="test_genc_backend" name="test_upload_request_non_patient_actor_403" time="0.110" /><testcase classname="test_genc_backend" name="test_upload_request_target_not_doctor_400" time="0.116" /><testcase classname="test_genc_backend" name="test_upload_request_get_for_doctor" time="0.262" /><testcase classname="test_genc_backend" name="test_upload_request_get_for_patient" time="0.118" /><testcase classname="test_genc_backend" name="test_records_with_upload_request_id_marks_fulfilled" time="0.368" /><testcase classname="test_genc_backend" name="test_upload_request_decline_by_assigned_doctor" time="0.474" /><testcase classname="test_genc_backend" name="test_upload_request_decline_invalid_signature" time="0.234" /></testsuite></testsuites>