<?xml version="1.0" encoding="utf-8"?><testsuites name="pytest tests"><testsuite name="pytest" errors="0" failures="0" skipped="0" tests="18" time="7.044" timestamp="2026-05-13T10:40:31.602569+00:00" hostname="agent-env-723473f8-c329-44c6-afc3-bdf5e3aebcab"><testcase classname="backend.tests.test_genc_backend" name="test_root" time="0.314" /><testcase classname="backend.tests.test_genc_backend" name="test_admin_info" time="0.136" /><testcase classname="backend.tests.test_genc_backend" name="test_auth_verify_admin" time="0.117" /><testcase classname="backend.tests.test_genc_backend" name="test_auth_verify_unregistered" time="0.177" /><testcase classname="backend.tests.test_genc_backend" name="test_auth_verify_invalid_signature" time="0.155" /><testcase classname="backend.tests.test_genc_backend" name="test_register_requires_admin" time="0.122" /><testcase classname="backend.tests.test_genc_backend" name="test_register_doctor_and_patient" time="0.782" /><testcase classname="backend.tests.test_genc_backend" name="test_ipfs_upload" time="1.501" /><testcase classname="backend.tests.test_genc_backend" name="test_records_for_patient" time="1.025" /><testcase classname="backend.tests.test_genc_backend" name="test_records_for_doctor" time="0.129" /><testcase classname="backend.tests.test_genc_backend" name="test_decrypt_key_owner_allowed" time="0.116" /><testcase classname="backend.tests.test_genc_backend" name="test_decrypt_key_unauthorized_doctor" time="0.116" /><testcase classname="backend.tests.test_genc_backend" name="test_decrypt_policy_cardiology_doctor" time="0.112" /><testcase classname="backend.tests.test_genc_backend" name="test_access_request_and_grant_flow" time="0.460" /><testcase classname="backend.tests.test_genc_backend" name="test_lpa_pending_enriched" time="0.107" /><testcase classname="backend.tests.test_genc_backend" name="test_lpa_preview" time="0.105" /><testcase classname="backend.tests.test_genc_backend" name="test_lpa_anchor_and_stats" time="0.728" /><testcase classname="backend.tests.test_genc_backend" name="test_lpa_anchor_rejects_non_admin" time="0.151" /></testsuite></testsuites>