<?xml version="1.0" encoding="utf-8"?><testsuites name="pytest tests"><testsuite name="pytest" errors="0" failures="0" skipped="0" tests="25" time="7.416" timestamp="2026-05-13T11:02:39.701829+00:00" hostname="agent-env-723473f8-c329-44c6-afc3-bdf5e3aebcab"><testcase classname="backend.tests.test_genc_backend" name="test_root" time="0.342" /><testcase classname="backend.tests.test_genc_backend" name="test_admin_info" time="0.133" /><testcase classname="backend.tests.test_genc_backend" name="test_auth_verify_admin" time="0.143" /><testcase classname="backend.tests.test_genc_backend" name="test_auth_verify_unregistered" time="0.112" /><testcase classname="backend.tests.test_genc_backend" name="test_auth_verify_invalid_signature" time="0.119" /><testcase classname="backend.tests.test_genc_backend" name="test_google_session_invalid_id" time="0.254" /><testcase classname="backend.tests.test_genc_backend" name="test_auth_me_requires_cookie" time="0.098" /><testcase classname="backend.tests.test_genc_backend" name="test_auth_logout_ok_without_cookie" time="0.100" /><testcase classname="backend.tests.test_genc_backend" name="test_register_requires_auth" time="0.104" /><testcase classname="backend.tests.test_genc_backend" name="test_register_signature_mismatch_rejected" time="0.147" /><testcase classname="backend.tests.test_genc_backend" name="test_register_bad_role_rejected" time="0.101" /><testcase classname="backend.tests.test_genc_backend" name="test_register_self_doctor_and_patient" time="0.599" /><testcase classname="backend.tests.test_genc_backend" name="test_register_idempotent_update" time="0.216" /><testcase classname="backend.tests.test_genc_backend" name="test_ipfs_upload" time="1.775" /><testcase classname="backend.tests.test_genc_backend" name="test_records_for_patient" time="0.573" /><testcase classname="backend.tests.test_genc_backend" name="test_records_for_doctor" time="0.101" /><testcase classname="backend.tests.test_genc_backend" name="test_records_upload_blocked_for_non_doctor" time="0.114" /><testcase classname="backend.tests.test_genc_backend" name="test_decrypt_key_owner_allowed" time="0.158" /><testcase classname="backend.tests.test_genc_backend" name="test_decrypt_key_unauthorized_doctor" time="0.111" /><testcase classname="backend.tests.test_genc_backend" name="test_decrypt_policy_cardiology_doctor" time="0.112" /><testcase classname="backend.tests.test_genc_backend" name="test_access_request_and_grant_flow" time="0.619" /><testcase classname="backend.tests.test_genc_backend" name="test_lpa_pending_enriched" time="0.095" /><testcase classname="backend.tests.test_genc_backend" name="test_lpa_preview" time="0.105" /><testcase classname="backend.tests.test_genc_backend" name="test_lpa_anchor_rejects_non_admin" time="0.102" /><testcase classname="backend.tests.test_genc_backend" name="test_lpa_anchor_and_stats" time="0.418" /></testsuite></testsuites>